Flow report for CME2206Project_2020510014_2020510028_2021510022
Tue May 30 23:28:12 2023
Quartus II 64-Bit Version 13.0.1 Build 232 06/12/2013 Service Pack 1 SJ Web Edition


---------------------
; Table of Contents ;
---------------------
  1. Legal Notice
  2. Flow Summary
  3. Flow Settings
  4. Flow Non-Default Global Settings
  5. Flow Elapsed Time
  6. Flow OS Summary
  7. Flow Log
  8. Flow Messages
  9. Flow Suppressed Messages



----------------
; Legal Notice ;
----------------
Copyright (C) 1991-2013 Altera Corporation
Your use of Altera Corporation's design tools, logic functions 
and other software and tools, and its AMPP partner logic 
functions, and any output files from any of the foregoing 
(including device programming or simulation files), and any 
associated documentation or information are expressly subject 
to the terms and conditions of the Altera Program License 
Subscription Agreement, Altera MegaCore Function License 
Agreement, or other applicable license agreement, including, 
without limitation, that your use is for the sole purpose of 
programming logic devices manufactured by Altera and sold by 
Altera or its authorized distributors.  Please refer to the 
applicable agreement for further details.



+--------------------------------------------------------------------------------------+
; Flow Summary                                                                         ;
+------------------------------------+-------------------------------------------------+
; Flow Status                        ; Successful - Tue May 30 23:28:12 2023           ;
; Quartus II 64-Bit Version          ; 13.0.1 Build 232 06/12/2013 SP 1 SJ Web Edition ;
; Revision Name                      ; CME2206Project_2020510014_2020510028_2021510022 ;
; Top-level Entity Name              ; BUS_2020510014_2020510028_2021510022            ;
; Family                             ; Cyclone III                                     ;
; Device                             ; EP3C16F484C6                                    ;
; Timing Models                      ; Final                                           ;
; Total logic elements               ; 178 / 15,408 ( 1 % )                            ;
;     Total combinational functions  ; 171 / 15,408 ( 1 % )                            ;
;     Dedicated logic registers      ; 48 / 15,408 ( < 1 % )                           ;
; Total registers                    ; 48                                              ;
; Total pins                         ; 78 / 347 ( 22 % )                               ;
; Total virtual pins                 ; 0                                               ;
; Total memory bits                  ; 496 / 516,096 ( < 1 % )                         ;
; Embedded Multiplier 9-bit elements ; 0 / 112 ( 0 % )                                 ;
; Total PLLs                         ; 0 / 4 ( 0 % )                                   ;
+------------------------------------+-------------------------------------------------+


+---------------------------------------------------------------------+
; Flow Settings                                                       ;
+-------------------+-------------------------------------------------+
; Option            ; Setting                                         ;
+-------------------+-------------------------------------------------+
; Start date & time ; 05/30/2023 23:27:47                             ;
; Main task         ; Compilation                                     ;
; Revision Name     ; CME2206Project_2020510014_2020510028_2021510022 ;
+-------------------+-------------------------------------------------+


+--------------------------------------------------------------------------------------------------------------------------------------------------------------------------------------+
; Flow Non-Default Global Settings                                                                                                                                                     ;
+-------------------------------------+--------------------------------------+-------------------------------------------------+--------------------------------------+----------------+
; Assignment Name                     ; Value                                ; Default Value                                   ; Entity Name                          ; Section Id     ;
+-------------------------------------+--------------------------------------+-------------------------------------------------+--------------------------------------+----------------+
; COMPILER_SIGNATURE_ID               ; 193675816235622.168547846701540      ; --                                              ; --                                   ; --             ;
; EDA_GENERATE_FUNCTIONAL_NETLIST     ; On                                   ; --                                              ; --                                   ; eda_simulation ;
; EDA_OUTPUT_DATA_FORMAT              ; Verilog Hdl                          ; --                                              ; --                                   ; eda_simulation ;
; EDA_SIMULATION_TOOL                 ; ModelSim-Altera (Verilog)            ; <None>                                          ; --                                   ; --             ;
; IP_TOOL_NAME                        ; LPM_MUX                              ; --                                              ; --                                   ; --             ;
; IP_TOOL_NAME                        ; LPM_DECODE                           ; --                                              ; --                                   ; --             ;
; IP_TOOL_NAME                        ; LPM_DECODE                           ; --                                              ; --                                   ; --             ;
; IP_TOOL_NAME                        ; LPM_MUX                              ; --                                              ; --                                   ; --             ;
; IP_TOOL_NAME                        ; RAM: 1-PORT                          ; --                                              ; --                                   ; --             ;
; IP_TOOL_NAME                        ; ROM: 1-PORT                          ; --                                              ; --                                   ; --             ;
; IP_TOOL_NAME                        ; RAM: 1-PORT                          ; --                                              ; --                                   ; --             ;
; IP_TOOL_NAME                        ; LPM_COUNTER                          ; --                                              ; --                                   ; --             ;
; IP_TOOL_NAME                        ; LPM_MUX                              ; --                                              ; --                                   ; --             ;
; IP_TOOL_NAME                        ; LPM_DECODE                           ; --                                              ; --                                   ; --             ;
; IP_TOOL_NAME                        ; LPM_MUX                              ; --                                              ; --                                   ; --             ;
; IP_TOOL_NAME                        ; LPM_MUX                              ; --                                              ; --                                   ; --             ;
; IP_TOOL_NAME                        ; LPM_COUNTER                          ; --                                              ; --                                   ; --             ;
; IP_TOOL_NAME                        ; LPM_COUNTER                          ; --                                              ; --                                   ; --             ;
; IP_TOOL_NAME                        ; LPM_COUNTER                          ; --                                              ; --                                   ; --             ;
; IP_TOOL_NAME                        ; LPM_COUNTER                          ; --                                              ; --                                   ; --             ;
; IP_TOOL_NAME                        ; LPM_COUNTER                          ; --                                              ; --                                   ; --             ;
; IP_TOOL_NAME                        ; LPM_COUNTER                          ; --                                              ; --                                   ; --             ;
; IP_TOOL_NAME                        ; LPM_COUNTER                          ; --                                              ; --                                   ; --             ;
; IP_TOOL_NAME                        ; LPM_DECODE                           ; --                                              ; --                                   ; --             ;
; IP_TOOL_NAME                        ; LPM_DECODE                           ; --                                              ; --                                   ; --             ;
; IP_TOOL_NAME                        ; LPM_ADD_SUB                          ; --                                              ; --                                   ; --             ;
; IP_TOOL_NAME                        ; LPM_DECODE                           ; --                                              ; --                                   ; --             ;
; IP_TOOL_NAME                        ; LPM_DECODE                           ; --                                              ; --                                   ; --             ;
; IP_TOOL_NAME                        ; LPM_ADD_SUB                          ; --                                              ; --                                   ; --             ;
; IP_TOOL_VERSION                     ; 13.0                                 ; --                                              ; --                                   ; --             ;
; IP_TOOL_VERSION                     ; 13.0                                 ; --                                              ; --                                   ; --             ;
; IP_TOOL_VERSION                     ; 13.0                                 ; --                                              ; --                                   ; --             ;
; IP_TOOL_VERSION                     ; 13.0                                 ; --                                              ; --                                   ; --             ;
; IP_TOOL_VERSION                     ; 13.0                                 ; --                                              ; --                                   ; --             ;
; IP_TOOL_VERSION                     ; 13.0                                 ; --                                              ; --                                   ; --             ;
; IP_TOOL_VERSION                     ; 13.0                                 ; --                                              ; --                                   ; --             ;
; IP_TOOL_VERSION                     ; 13.0                                 ; --                                              ; --                                   ; --             ;
; IP_TOOL_VERSION                     ; 13.0                                 ; --                                              ; --                                   ; --             ;
; IP_TOOL_VERSION                     ; 13.0                                 ; --                                              ; --                                   ; --             ;
; IP_TOOL_VERSION                     ; 13.0                                 ; --                                              ; --                                   ; --             ;
; IP_TOOL_VERSION                     ; 13.0                                 ; --                                              ; --                                   ; --             ;
; IP_TOOL_VERSION                     ; 13.0                                 ; --                                              ; --                                   ; --             ;
; IP_TOOL_VERSION                     ; 13.0                                 ; --                                              ; --                                   ; --             ;
; IP_TOOL_VERSION                     ; 13.0                                 ; --                                              ; --                                   ; --             ;
; IP_TOOL_VERSION                     ; 13.0                                 ; --                                              ; --                                   ; --             ;
; IP_TOOL_VERSION                     ; 13.0                                 ; --                                              ; --                                   ; --             ;
; IP_TOOL_VERSION                     ; 13.0                                 ; --                                              ; --                                   ; --             ;
; IP_TOOL_VERSION                     ; 13.0                                 ; --                                              ; --                                   ; --             ;
; IP_TOOL_VERSION                     ; 13.0                                 ; --                                              ; --                                   ; --             ;
; IP_TOOL_VERSION                     ; 13.0                                 ; --                                              ; --                                   ; --             ;
; IP_TOOL_VERSION                     ; 13.0                                 ; --                                              ; --                                   ; --             ;
; IP_TOOL_VERSION                     ; 13.0                                 ; --                                              ; --                                   ; --             ;
; IP_TOOL_VERSION                     ; 13.0                                 ; --                                              ; --                                   ; --             ;
; IP_TOOL_VERSION                     ; 13.0                                 ; --                                              ; --                                   ; --             ;
; MAX_CORE_JUNCTION_TEMP              ; 85                                   ; --                                              ; --                                   ; --             ;
; MIN_CORE_JUNCTION_TEMP              ; 0                                    ; --                                              ; --                                   ; --             ;
; MISC_FILE                           ; SHIFT.bsf                            ; --                                              ; --                                   ; --             ;
; MISC_FILE                           ; SHIFT.cmp                            ; --                                              ; --                                   ; --             ;
; MISC_FILE                           ; decode3_8.bsf                        ; --                                              ; --                                   ; --             ;
; MISC_FILE                           ; decode3_8.cmp                        ; --                                              ; --                                   ; --             ;
; MISC_FILE                           ; decode4_16.bsf                       ; --                                              ; --                                   ; --             ;
; MISC_FILE                           ; decode4_16.cmp                       ; --                                              ; --                                   ; --             ;
; MISC_FILE                           ; mux16_1.bsf                          ; --                                              ; --                                   ; --             ;
; MISC_FILE                           ; mux16_1.cmp                          ; --                                              ; --                                   ; --             ;
; MISC_FILE                           ; DataMemory_16x4.bsf                  ; --                                              ; --                                   ; --             ;
; MISC_FILE                           ; DataMemory_16x4.cmp                  ; --                                              ; --                                   ; --             ;
; MISC_FILE                           ; InstructionMemory_32x11.bsf          ; --                                              ; --                                   ; --             ;
; MISC_FILE                           ; InstructionMemory_32x11.cmp          ; --                                              ; --                                   ; --             ;
; MISC_FILE                           ; StackMemory_16x5.bsf                 ; --                                              ; --                                   ; --             ;
; MISC_FILE                           ; StackMemory_16x5.cmp                 ; --                                              ; --                                   ; --             ;
; MISC_FILE                           ; GP_Register.bsf                      ; --                                              ; --                                   ; --             ;
; MISC_FILE                           ; GP_Register.cmp                      ; --                                              ; --                                   ; --             ;
; MISC_FILE                           ; LPM_MUX_4x2.bsf                      ; --                                              ; --                                   ; --             ;
; MISC_FILE                           ; LPM_MUX_4x2.cmp                      ; --                                              ; --                                   ; --             ;
; MISC_FILE                           ; EN_Decode_2x4.bsf                    ; --                                              ; --                                   ; --             ;
; MISC_FILE                           ; EN_Decode_2x4.cmp                    ; --                                              ; --                                   ; --             ;
; MISC_FILE                           ; LPM_MUX_2x1.bsf                      ; --                                              ; --                                   ; --             ;
; MISC_FILE                           ; LPM_MUX_2x1.cmp                      ; --                                              ; --                                   ; --             ;
; MISC_FILE                           ; LPM_MUX_8x1_BUS.bsf                  ; --                                              ; --                                   ; --             ;
; MISC_FILE                           ; LPM_MUX_8x1_BUS.cmp                  ; --                                              ; --                                   ; --             ;
; MISC_FILE                           ; Instruction_Register.bsf             ; --                                              ; --                                   ; --             ;
; MISC_FILE                           ; Instruction_Register.cmp             ; --                                              ; --                                   ; --             ;
; MISC_FILE                           ; Program_Counter.bsf                  ; --                                              ; --                                   ; --             ;
; MISC_FILE                           ; Program_Counter.cmp                  ; --                                              ; --                                   ; --             ;
; MISC_FILE                           ; Stack_Pointer.bsf                    ; --                                              ; --                                   ; --             ;
; MISC_FILE                           ; Stack_Pointer.cmp                    ; --                                              ; --                                   ; --             ;
; MISC_FILE                           ; Address_Register.bsf                 ; --                                              ; --                                   ; --             ;
; MISC_FILE                           ; Address_Register.cmp                 ; --                                              ; --                                   ; --             ;
; MISC_FILE                           ; Input_Register.bsf                   ; --                                              ; --                                   ; --             ;
; MISC_FILE                           ; Input_Register.cmp                   ; --                                              ; --                                   ; --             ;
; MISC_FILE                           ; Output_Register.bsf                  ; --                                              ; --                                   ; --             ;
; MISC_FILE                           ; Output_Register.cmp                  ; --                                              ; --                                   ; --             ;
; MISC_FILE                           ; Sequence_Counter.bsf                 ; --                                              ; --                                   ; --             ;
; MISC_FILE                           ; Sequence_Counter.cmp                 ; --                                              ; --                                   ; --             ;
; MISC_FILE                           ; Sequence_Decoder.bsf                 ; --                                              ; --                                   ; --             ;
; MISC_FILE                           ; Sequence_Decoder.cmp                 ; --                                              ; --                                   ; --             ;
; MISC_FILE                           ; Instruction_Decoder.bsf              ; --                                              ; --                                   ; --             ;
; MISC_FILE                           ; Instruction_Decoder.cmp              ; --                                              ; --                                   ; --             ;
; MISC_FILE                           ; LPM_ADD_SUB_1.bsf                    ; --                                              ; --                                   ; --             ;
; MISC_FILE                           ; LPM_ADD_SUB_1.cmp                    ; --                                              ; --                                   ; --             ;
; MISC_FILE                           ; zero_decode.bsf                      ; --                                              ; --                                   ; --             ;
; MISC_FILE                           ; zero_decode.cmp                      ; --                                              ; --                                   ; --             ;
; MISC_FILE                           ; zero_decode2.bsf                     ; --                                              ; --                                   ; --             ;
; MISC_FILE                           ; zero_decode2.cmp                     ; --                                              ; --                                   ; --             ;
; MISC_FILE                           ; ALU_4_BIT_SUM.bsf                    ; --                                              ; --                                   ; --             ;
; MISC_FILE                           ; ALU_4_BIT_SUM.cmp                    ; --                                              ; --                                   ; --             ;
; NOMINAL_CORE_SUPPLY_VOLTAGE         ; 1.2V                                 ; --                                              ; --                                   ; --             ;
; PARTITION_COLOR                     ; 16764057                             ; --                                              ; BUS_2020510014_2020510028_2021510022 ; Top            ;
; PARTITION_FITTER_PRESERVATION_LEVEL ; PLACEMENT_AND_ROUTING                ; --                                              ; BUS_2020510014_2020510028_2021510022 ; Top            ;
; PARTITION_NETLIST_TYPE              ; SOURCE                               ; --                                              ; BUS_2020510014_2020510028_2021510022 ; Top            ;
; PROJECT_OUTPUT_DIRECTORY            ; output_files                         ; --                                              ; --                                   ; --             ;
; TOP_LEVEL_ENTITY                    ; BUS_2020510014_2020510028_2021510022 ; CME2206Project_2020510014_2020510028_2021510022 ; --                                   ; --             ;
+-------------------------------------+--------------------------------------+-------------------------------------------------+--------------------------------------+----------------+


+-------------------------------------------------------------------------------------------------------------------------------+
; Flow Elapsed Time                                                                                                             ;
+---------------------------+--------------+-------------------------+---------------------+------------------------------------+
; Module Name               ; Elapsed Time ; Average Processors Used ; Peak Virtual Memory ; Total CPU Time (on all processors) ;
+---------------------------+--------------+-------------------------+---------------------+------------------------------------+
; Analysis & Synthesis      ; 00:00:05     ; 1.0                     ; 4672 MB             ; 00:00:01                           ;
; Fitter                    ; 00:00:11     ; 1.0                     ; 4910 MB             ; 00:00:02                           ;
; Assembler                 ; 00:00:01     ; 1.0                     ; 4548 MB             ; 00:00:00                           ;
; TimeQuest Timing Analyzer ; 00:00:02     ; 1.0                     ; 4589 MB             ; 00:00:00                           ;
; EDA Netlist Writer        ; 00:00:01     ; 1.0                     ; 4501 MB             ; 00:00:00                           ;
; Total                     ; 00:00:20     ; --                      ; --                  ; 00:00:03                           ;
+---------------------------+--------------+-------------------------+---------------------+------------------------------------+


+----------------------------------------------------------------------------------------+
; Flow OS Summary                                                                        ;
+---------------------------+------------------+-----------+------------+----------------+
; Module Name               ; Machine Hostname ; OS Name   ; OS Version ; Processor type ;
+---------------------------+------------------+-----------+------------+----------------+
; Analysis & Synthesis      ; DESKTOP-FH2KKDM  ; Windows 7 ; 6.2        ; x86_64         ;
; Fitter                    ; DESKTOP-FH2KKDM  ; Windows 7 ; 6.2        ; x86_64         ;
; Assembler                 ; DESKTOP-FH2KKDM  ; Windows 7 ; 6.2        ; x86_64         ;
; TimeQuest Timing Analyzer ; DESKTOP-FH2KKDM  ; Windows 7 ; 6.2        ; x86_64         ;
; EDA Netlist Writer        ; DESKTOP-FH2KKDM  ; Windows 7 ; 6.2        ; x86_64         ;
+---------------------------+------------------+-----------+------------+----------------+


------------
; Flow Log ;
------------
quartus_map --read_settings_files=on --write_settings_files=off CME2206Project_2020510014_2020510028_2021510022 -c CME2206Project_2020510014_2020510028_2021510022
quartus_fit --read_settings_files=off --write_settings_files=off CME2206Project_2020510014_2020510028_2021510022 -c CME2206Project_2020510014_2020510028_2021510022
quartus_asm --read_settings_files=off --write_settings_files=off CME2206Project_2020510014_2020510028_2021510022 -c CME2206Project_2020510014_2020510028_2021510022
quartus_sta CME2206Project_2020510014_2020510028_2021510022 -c CME2206Project_2020510014_2020510028_2021510022
quartus_eda --read_settings_files=off --write_settings_files=off CME2206Project_2020510014_2020510028_2021510022 -c CME2206Project_2020510014_2020510028_2021510022



